app/build/outputs/logs/manifest-merger-debug-report.txt
-- Merging decision tree log ---
manifest
ADDED from src\main\AndroidManifest.xml:2:1-274:12
	package
		ADDED from src\main\AndroidManifest.xml:4:5-48
		INJECTED from src\main\AndroidManifest.xml
		INJECTED from src\main\AndroidManifest.xml
	android:versionName
		INJECTED from src\main\AndroidManifest.xml
		INJECTED from src\main\AndroidManifest.xml
	xmlns:tools
		ADDED from src\main\AndroidManifest.xml:3:5-51
	xmlns:android
		ADDED from src\main\AndroidManifest.xml:2:11-69
	android:versionCode
		INJECTED from src\main\AndroidManifest.xml
		INJECTED from src\main\AndroidManifest.xml
uses-permission#android.permission.ACCESS_NETWORK_STATE
ADDED from src\main\AndroidManifest.xml:6:5-79
MERGED from [com.google.android.gms:play-services-maps:10.2.0] AndroidManifest.xml:19:5-78
MERGED from [com.google.firebase:firebase-analytics:10.2.4] AndroidManifest.xml:21:5-78
MERGED from [com.google.firebase:firebase-analytics-impl:10.2.4] AndroidManifest.xml:21:5-78
MERGED from [com.google.firebase:firebase-iid:10.2.4] AndroidManifest.xml:19:5-78
	android:name
		ADDED from src\main\AndroidManifest.xml:6:22-76
uses-permission#android.permission.CALL_PHONE
ADDED from src\main\AndroidManifest.xml:7:5-69
	android:name
		ADDED from src\main\AndroidManifest.xml:7:22-66
uses-permission#android.permission.INTERNET
ADDED from src\main\AndroidManifest.xml:8:5-67
MERGED from [com.google.android.gms:play-services-maps:10.2.0] AndroidManifest.xml:20:5-66
MERGED from [com.google.android.gms:play-services-gcm:10.2.0] AndroidManifest.xml:21:5-66
MERGED from [com.google.android.gms:play-services-iid:10.2.0] AndroidManifest.xml:21:5-66
MERGED from [com.google.firebase:firebase-crash:10.2.4] AndroidManifest.xml:18:5-66
MERGED from [com.google.firebase:firebase-analytics:10.2.4] AndroidManifest.xml:20:5-66
MERGED from [com.google.firebase:firebase-analytics-impl:10.2.4] AndroidManifest.xml:20:5-66
MERGED from [com.google.firebase:firebase-iid:10.2.4] AndroidManifest.xml:20:5-66
	android:name
		ADDED from src\main\AndroidManifest.xml:8:22-64
uses-permission#android.permission.WRITE_CONTACTS
ADDED from src\main\AndroidManifest.xml:9:5-73
	android:name
		ADDED from src\main\AndroidManifest.xml:9:22-70
uses-permission#android.permission.READ_CONTACTS
ADDED from src\main\AndroidManifest.xml:10:5-72
	android:name
		ADDED from src\main\AndroidManifest.xml:10:22-69
uses-permission#android.permission.CHANGE_NETWORK_STATE
ADDED from src\main\AndroidManifest.xml:11:5-79
	android:name
		ADDED from src\main\AndroidManifest.xml:11:22-76
uses-permission#android.permission.WRITE_EXTERNAL_STORAGE
ADDED from src\main\AndroidManifest.xml:12:5-81
	android:name
		ADDED from src\main\AndroidManifest.xml:12:22-78
uses-permission#android.permission.READ_PHONE_STATE
ADDED from src\main\AndroidManifest.xml:13:5-75
	android:name
		ADDED from src\main\AndroidManifest.xml:13:22-72
uses-permission#android.permission.CAMERA
ADDED from src\main\AndroidManifest.xml:14:5-65
	android:name
		ADDED from src\main\AndroidManifest.xml:14:22-62
uses-permission#android.permission.ACCESS_WIFI_STATE
ADDED from src\main\AndroidManifest.xml:15:5-76
	android:name
		ADDED from src\main\AndroidManifest.xml:15:22-73
uses-permission#com.google.android.providers.gsf.permission.READ_GSERVICES
ADDED from src\main\AndroidManifest.xml:16:5-98
	android:name
		ADDED from src\main\AndroidManifest.xml:16:22-95
uses-feature#android.hardware.usb.host
ADDED from src\main\AndroidManifest.xml:18:5-62
	android:name
		ADDED from src\main\AndroidManifest.xml:18:19-59
uses-permission#android.permission.GET_ACCOUNTS
ADDED from src\main\AndroidManifest.xml:21:5-71
	android:name
		ADDED from src\main\AndroidManifest.xml:21:22-68
uses-permission#android.permission.WAKE_LOCK
ADDED from src\main\AndroidManifest.xml:24:5-68
MERGED from [com.google.firebase:firebase-analytics:10.2.4] AndroidManifest.xml:22:5-67
MERGED from [com.google.firebase:firebase-analytics-impl:10.2.4] AndroidManifest.xml:22:5-67
MERGED from [com.google.firebase:firebase-iid:10.2.4] AndroidManifest.xml:21:5-67
	android:name
		ADDED from src\main\AndroidManifest.xml:24:22-65
permission#natmobile.permission.C2D_MESSAGE
ADDED from src\main\AndroidManifest.xml:27:5-29:47
	android:protectionLevel
		ADDED from src\main\AndroidManifest.xml:29:9-44
	android:name
		ADDED from src\main\AndroidManifest.xml:28:9-56
uses-permission#natmobile.permission.C2D_MESSAGE
ADDED from src\main\AndroidManifest.xml:31:5-72
	android:name
		ADDED from src\main\AndroidManifest.xml:31:22-69
permission#firstmob.firstbank.com.firstagent.permission.MAPS_RECEIVE
ADDED from src\main\AndroidManifest.xml:33:5-35:47
	android:protectionLevel
		ADDED from src\main\AndroidManifest.xml:35:9-44
	android:name
		ADDED from src\main\AndroidManifest.xml:34:9-81
uses-permission#firstmerchant.permission.MAPS_RECEIVE
ADDED from src\main\AndroidManifest.xml:37:5-77
	android:name
		ADDED from src\main\AndroidManifest.xml:37:22-74
uses-permission#com.google.android.c2dm.permission.RECEIVE
ADDED from src\main\AndroidManifest.xml:40:5-82
MERGED from [com.google.android.gms:play-services-gcm:10.2.0] AndroidManifest.xml:20:5-81
MERGED from [com.google.android.gms:play-services-iid:10.2.0] AndroidManifest.xml:20:5-81
MERGED from [com.google.firebase:firebase-iid:10.2.4] AndroidManifest.xml:22:5-81
	android:name
		ADDED from src\main\AndroidManifest.xml:40:22-79
uses-permission#android.permission.VIBRATE
ADDED from src\main\AndroidManifest.xml:46:5-66
MERGED from [com.borax12.materialdaterangepicker:library:1.9] AndroidManifest.xml:26:5-66
	android:name
		ADDED from src\main\AndroidManifest.xml:46:22-63
uses-feature#0x00020000
ADDED from src\main\AndroidManifest.xml:52:5-54:35
MERGED from [com.google.android.gms:play-services-maps:10.2.0] AndroidManifest.xml:21:5-77
	android:glEsVersion
		ADDED from src\main\AndroidManifest.xml:53:9-41
	android:required
		ADDED from src\main\AndroidManifest.xml:54:9-32
uses-permission#android.permission.ACCESS_COARSE_LOCATION
ADDED from src\main\AndroidManifest.xml:56:5-81
	android:name
		ADDED from src\main\AndroidManifest.xml:56:22-78
uses-permission#android.permission.ACCESS_FINE_LOCATION
ADDED from src\main\AndroidManifest.xml:57:5-79
	android:name
		ADDED from src\main\AndroidManifest.xml:57:22-76
application
ADDED from src\main\AndroidManifest.xml:59:5-272:19
MERGED from [com.github.afollestad.material-dialogs:core:0.8.5.7] AndroidManifest.xml:13:5-20
MERGED from [com.toptoche.searchablespinner:searchablespinnerlibrary:1.3.1] AndroidManifest.xml:11:5-15:19
MERGED from [com.android.support:cardview-v7:25.3.0] AndroidManifest.xml:26:5-20
MERGED from [de.hdodenhof:circleimageview:1.3.0] AndroidManifest.xml:9:5-20
MERGED from [com.leavjenn.smoothdaterangepicker:library:0.2.0] AndroidManifest.xml:11:5-15:19
MERGED from [com.google.android.gms:play-services-maps:10.2.0] AndroidManifest.xml:24:5-19
MERGED from [com.andrognito.pinlockview:pinlockview:1.0.1] AndroidManifest.xml:11:5-53
MERGED from [uk.co.chrisjenx:calligraphy:2.2.0] AndroidManifest.xml:11:5-20
MERGED from [com.android.support:design:25.3.0] AndroidManifest.xml:29:5-20
MERGED from [com.android.support:transition:25.3.0] AndroidManifest.xml:26:5-20
MERGED from [com.borax12.materialdaterangepicker:library:1.9] AndroidManifest.xml:28:5-20
MERGED from [cn.pedant.sweetalert:library:1.3] AndroidManifest.xml:11:5-20
MERGED from [com.pnikosis:materialish-progress:1.0] AndroidManifest.xml:11:5-15:19
MERGED from [com.android.support:appcompat-v7:25.3.0] AndroidManifest.xml:29:5-20
MERGED from [com.android.support:animated-vector-drawable:25.3.0] AndroidManifest.xml:26:5-20
MERGED from [com.android.support:support-vector-drawable:25.3.0] AndroidManifest.xml:26:5-20
MERGED from [com.google.android.gms:play-services-gcm:10.2.0] AndroidManifest.xml:23:5-19
MERGED from [com.google.android.gms:play-services-iid:10.2.0] AndroidManifest.xml:23:5-19
MERGED from [com.google.android.gms:play-services-base:10.2.0] AndroidManifest.xml:18:5-20:19
MERGED from [com.google.firebase:firebase-crash:10.2.4] AndroidManifest.xml:22:5-23:19
MERGED from [com.google.firebase:firebase-core:10.2.4] AndroidManifest.xml:5:5-20
MERGED from [com.google.firebase:firebase-analytics:10.2.4] AndroidManifest.xml:24:5-33:19
MERGED from [com.google.firebase:firebase-analytics-impl:10.2.4] AndroidManifest.xml:24:5-28:19
MERGED from [com.google.firebase:firebase-iid:10.2.4] AndroidManifest.xml:28:5-49:19
MERGED from [com.google.firebase:firebase-common:10.2.4] AndroidManifest.xml:4:5-7:19
MERGED from [com.google.android.gms:play-services-tasks:10.2.4] AndroidManifest.xml:4:5-19
MERGED from [com.google.android.gms:play-services-basement:10.2.4] AndroidManifest.xml:19:5-21:19
MERGED from [com.android.support:support-v4:25.3.0] AndroidManifest.xml:29:5-20
MERGED from [com.android.support:support-fragment:25.3.0] AndroidManifest.xml:29:5-20
MERGED from [com.android.support:support-media-compat:25.3.0] AndroidManifest.xml:29:5-20
MERGED from [com.android.support:support-core-ui:25.3.0] AndroidManifest.xml:29:5-20
MERGED from [com.android.support:support-core-utils:25.3.0] AndroidManifest.xml:29:5-20
MERGED from [com.android.support:support-compat:25.3.0] AndroidManifest.xml:29:5-20
	android:label
		ADDED from src\main\AndroidManifest.xml:63:9-41
	android:supportsRtl
		ADDED from [com.toptoche.searchablespinner:searchablespinnerlibrary:1.3.1] AndroidManifest.xml:14:9-35
	android:allowBackup
		ADDED from src\main\AndroidManifest.xml:61:9-35
	android:icon
		ADDED from src\main\AndroidManifest.xml:62:9-42
		REJECTED from [com.pnikosis:materialish-progress:1.0] AndroidManifest.xml:13:9-45
	android:theme
		ADDED from src\main\AndroidManifest.xml:64:9-47
	tools:replace
		ADDED from src\main\AndroidManifest.xml:65:9-51
	android:name
		ADDED from src\main\AndroidManifest.xml:60:9-41
activity#firstmob.firstbank.com.firstagent.MainActivity
ADDED from src\main\AndroidManifest.xml:66:9-69:48
	android:label
		ADDED from src\main\AndroidManifest.xml:69:13-45
	android:configChanges
		ADDED from src\main\AndroidManifest.xml:68:13-74
	android:name
		ADDED from src\main\AndroidManifest.xml:67:13-41
activity#firstmob.firstbank.com.firstagent.InboxActivity
ADDED from src\main\AndroidManifest.xml:70:9-73:37
	android:label
		ADDED from src\main\AndroidManifest.xml:73:13-34
	android:configChanges
		ADDED from src\main\AndroidManifest.xml:72:13-74
	android:name
		ADDED from src\main\AndroidManifest.xml:71:13-42
activity#firstmob.firstbank.com.firstagent.LifeStyle
ADDED from src\main\AndroidManifest.xml:74:9-77:41
	android:label
		ADDED from src\main\AndroidManifest.xml:77:13-38
	android:configChanges
		ADDED from src\main\AndroidManifest.xml:76:13-74
	android:name
		ADDED from src\main\AndroidManifest.xml:75:13-38
activity#firstmob.firstbank.com.firstagent.IndivChartActivity
ADDED from src\main\AndroidManifest.xml:78:9-81:37
	android:label
		ADDED from src\main\AndroidManifest.xml:81:13-34
	android:configChanges
		ADDED from src\main\AndroidManifest.xml:80:13-74
	android:name
		ADDED from src\main\AndroidManifest.xml:79:13-47
activity#firstmob.firstbank.com.firstagent.SelChartActivity
ADDED from src\main\AndroidManifest.xml:82:9-85:37
	android:label
		ADDED from src\main\AndroidManifest.xml:85:13-34
	android:configChanges
		ADDED from src\main\AndroidManifest.xml:84:13-74
	android:name
		ADDED from src\main\AndroidManifest.xml:83:13-45
activity#firstmob.firstbank.com.firstagent.FMobActivity
ADDED from src\main\AndroidManifest.xml:86:9-91:58
	android:screenOrientation
		ADDED from src\main\AndroidManifest.xml:90:13-49
	android:label
		ADDED from src\main\AndroidManifest.xml:89:13-29
	android:windowSoftInputMode
		ADDED from src\main\AndroidManifest.xml:91:13-55
	android:configChanges
		ADDED from src\main\AndroidManifest.xml:88:13-63
	android:name
		ADDED from src\main\AndroidManifest.xml:87:13-41
activity#firstmob.firstbank.com.firstagent.ChangeAcNameActivity
ADDED from src\main\AndroidManifest.xml:92:9-95:37
	android:label
		ADDED from src\main\AndroidManifest.xml:95:13-34
	android:configChanges
		ADDED from src\main\AndroidManifest.xml:94:13-74
	android:name
		ADDED from src\main\AndroidManifest.xml:93:13-49
activity#firstmob.firstbank.com.firstagent.GetHelpActivity
ADDED from src\main\AndroidManifest.xml:96:9-104:20
	android:label
		ADDED from src\main\AndroidManifest.xml:99:13-37
	android:parentActivityName
		ADDED from src\main\AndroidManifest.xml:100:13-57
	android:configChanges
		ADDED from src\main\AndroidManifest.xml:98:13-74
	android:name
		ADDED from src\main\AndroidManifest.xml:97:13-44
meta-data#android.support.PARENT_ACTIVITY
ADDED from src\main\AndroidManifest.xml:101:13-103:84
	android:value
		ADDED from src\main\AndroidManifest.xml:103:17-81
	android:name
		ADDED from src\main\AndroidManifest.xml:102:17-63
activity#firstmob.firstbank.com.firstagent.AddProdActivity
ADDED from src\main\AndroidManifest.xml:105:9-108:37
	android:label
		ADDED from src\main\AndroidManifest.xml:108:13-34
	android:configChanges
		ADDED from src\main\AndroidManifest.xml:107:13-74
	android:name
		ADDED from src\main\AndroidManifest.xml:106:13-44
activity#firstmob.firstbank.com.firstagent.NewsWebvActiv
ADDED from src\main\AndroidManifest.xml:112:9-121:20
	android:label
		ADDED from src\main\AndroidManifest.xml:115:13-33
	android:parentActivityName
		ADDED from src\main\AndroidManifest.xml:116:13-47
	android:configChanges
		ADDED from src\main\AndroidManifest.xml:114:13-74
	android:name
		ADDED from src\main\AndroidManifest.xml:113:13-42
activity#firstmob.firstbank.com.firstagent.Splash
ADDED from src\main\AndroidManifest.xml:122:9-131:20
	android:label
		ADDED from src\main\AndroidManifest.xml:124:13-45
	android:theme
		ADDED from src\main\AndroidManifest.xml:125:13-60
	android:name
		ADDED from src\main\AndroidManifest.xml:123:13-35
intent-filter#android.intent.action.MAIN+android.intent.category.LAUNCHER
ADDED from src\main\AndroidManifest.xml:126:13-130:29
action#android.intent.action.MAIN
ADDED from src\main\AndroidManifest.xml:127:17-69
	android:name
		ADDED from src\main\AndroidManifest.xml:127:25-66
category#android.intent.category.LAUNCHER
ADDED from src\main\AndroidManifest.xml:129:17-77
	android:name
		ADDED from src\main\AndroidManifest.xml:129:27-74
activity#firstmob.firstbank.com.firstagent.OldMainActivity
ADDED from src\main\AndroidManifest.xml:132:9-135:48
	android:label
		ADDED from src\main\AndroidManifest.xml:135:13-45
	android:configChanges
		ADDED from src\main\AndroidManifest.xml:134:13-74
	android:name
		ADDED from src\main\AndroidManifest.xml:133:13-44
activity#firstmob.firstbank.com.firstagent.HomeActivity
ADDED from src\main\AndroidManifest.xml:136:9-140:40
	android:label
		ADDED from src\main\AndroidManifest.xml:139:13-45
	android:noHistory
		ADDED from src\main\AndroidManifest.xml:140:13-37
	android:configChanges
		ADDED from src\main\AndroidManifest.xml:138:13-63
	android:name
		ADDED from src\main\AndroidManifest.xml:137:13-41
activity#firstmob.firstbank.com.firstagent.ListViewMultiChartActivity
ADDED from src\main\AndroidManifest.xml:141:9-144:42
	android:label
		ADDED from src\main\AndroidManifest.xml:144:13-39
	android:configChanges
		ADDED from src\main\AndroidManifest.xml:143:13-74
	android:name
		ADDED from src\main\AndroidManifest.xml:142:13-55
activity#firstmob.firstbank.com.firstagent.ReqCode
ADDED from src\main\AndroidManifest.xml:145:9-149:57
	android:label
		ADDED from src\main\AndroidManifest.xml:148:13-38
	android:windowSoftInputMode
		ADDED from src\main\AndroidManifest.xml:149:13-54
	android:configChanges
		ADDED from src\main\AndroidManifest.xml:147:13-74
	android:name
		ADDED from src\main\AndroidManifest.xml:146:13-36
activity#firstmob.firstbank.com.firstagent.EnterAcCode
ADDED from src\main\AndroidManifest.xml:150:9-154:57
	android:label
		ADDED from src\main\AndroidManifest.xml:153:13-46
	android:windowSoftInputMode
		ADDED from src\main\AndroidManifest.xml:154:13-54
	android:configChanges
		ADDED from src\main\AndroidManifest.xml:152:13-74
	android:name
		ADDED from src\main\AndroidManifest.xml:151:13-40
activity#firstmob.firstbank.com.firstagent.Sign_In
ADDED from src\main\AndroidManifest.xml:155:9-158:57
	android:label
		ADDED from src\main\AndroidManifest.xml:157:13-36
	android:windowSoftInputMode
		ADDED from src\main\AndroidManifest.xml:158:13-54
	android:name
		ADDED from src\main\AndroidManifest.xml:156:13-36
meta-data#com.google.android.gms.version
ADDED from src\main\AndroidManifest.xml:160:9-162:69
MERGED from [com.google.android.gms:play-services-basement:10.2.4] AndroidManifest.xml:20:9-121
	android:value
		ADDED from src\main\AndroidManifest.xml:162:13-66
	android:name
		ADDED from src\main\AndroidManifest.xml:161:13-58
meta-data#com.google.android.maps.v2.API_KEY
ADDED from src\main\AndroidManifest.xml:163:9-165:55
	android:value
		ADDED from src\main\AndroidManifest.xml:165:13-52
	android:name
		ADDED from src\main\AndroidManifest.xml:164:13-62
activity#firstmob.firstbank.com.firstagent.SignInActivity
ADDED from src\main\AndroidManifest.xml:167:9-172:39
	android:screenOrientation
		ADDED from src\main\AndroidManifest.xml:170:13-49
	android:label
		ADDED from src\main\AndroidManifest.xml:172:13-36
	android:configChanges
		ADDED from src\main\AndroidManifest.xml:171:13-74
	android:name
		ADDED from src\main\AndroidManifest.xml:168:13-43
activity#firstmob.firstbank.com.firstagent.MapHostActivity
ADDED from src\main\AndroidManifest.xml:173:9-175:63
	android:label
		ADDED from src\main\AndroidManifest.xml:175:13-60
	android:name
		ADDED from src\main\AndroidManifest.xml:174:13-44
activity#firstmob.firstbank.com.firstagent.WizardActivity
ADDED from src\main\AndroidManifest.xml:176:9-178:41
	android:label
		ADDED from src\main\AndroidManifest.xml:178:13-38
	android:name
		ADDED from src\main\AndroidManifest.xml:177:13-43
activity#firstmob.firstbank.com.firstagent.FormActivity
ADDED from src\main\AndroidManifest.xml:179:9-182:41
	android:label
		ADDED from src\main\AndroidManifest.xml:182:13-38
	android:configChanges
		ADDED from src\main\AndroidManifest.xml:181:13-74
	android:name
		ADDED from src\main\AndroidManifest.xml:180:13-41
activity#firstmob.firstbank.com.firstagent.TutorialActivity
ADDED from src\main\AndroidManifest.xml:183:9-186:40
	android:label
		ADDED from src\main\AndroidManifest.xml:186:13-37
	android:configChanges
		ADDED from src\main\AndroidManifest.xml:185:13-74
	android:name
		ADDED from src\main\AndroidManifest.xml:184:13-45
activity#firstmob.firstbank.com.firstagent.StepActivity
ADDED from src\main\AndroidManifest.xml:187:9-190:54
	android:label
		ADDED from src\main\AndroidManifest.xml:189:13-56
	android:theme
		ADDED from src\main\AndroidManifest.xml:190:13-51
	android:name
		ADDED from src\main\AndroidManifest.xml:188:13-41
activity#natmerchant.GetHelpActivity
ADDED from src\main\AndroidManifest.xml:191:9-199:20
	android:label
		ADDED from src\main\AndroidManifest.xml:193:13-60
	android:parentActivityName
		ADDED from src\main\AndroidManifest.xml:194:13-57
	android:theme
		ADDED from src\main\AndroidManifest.xml:195:13-51
	android:name
		ADDED from src\main\AndroidManifest.xml:192:13-55
activity#firstmob.firstbank.com.firstagent.AdActivity
ADDED from src\main\AndroidManifest.xml:200:9-203:54
	android:label
		ADDED from src\main\AndroidManifest.xml:202:13-54
	android:theme
		ADDED from src\main\AndroidManifest.xml:203:13-51
	android:name
		ADDED from src\main\AndroidManifest.xml:201:13-39
activity#firstmob.firstbank.com.firstagent.ContactInfo
ADDED from src\main\AndroidManifest.xml:204:9-207:54
	android:label
		ADDED from src\main\AndroidManifest.xml:206:13-54
	android:theme
		ADDED from src\main\AndroidManifest.xml:207:13-51
	android:name
		ADDED from src\main\AndroidManifest.xml:205:13-40
activity#firstmob.firstbank.com.firstagent.SendFeedback
ADDED from src\main\AndroidManifest.xml:208:9-211:54
	android:label
		ADDED from src\main\AndroidManifest.xml:210:13-42
	android:theme
		ADDED from src\main\AndroidManifest.xml:211:13-51
	android:name
		ADDED from src\main\AndroidManifest.xml:209:13-41
activity#firstmob.firstbank.com.firstagent.FAQAct
ADDED from src\main\AndroidManifest.xml:212:9-220:20
	android:label
		ADDED from src\main\AndroidManifest.xml:214:13-32
	android:parentActivityName
		ADDED from src\main\AndroidManifest.xml:215:13-58
	android:theme
		ADDED from src\main\AndroidManifest.xml:216:13-51
	android:name
		ADDED from src\main\AndroidManifest.xml:213:13-35
activity#firstmob.firstbank.com.firstagent.ActivateAgent
ADDED from src\main\AndroidManifest.xml:221:9-226:54
	android:screenOrientation
		ADDED from src\main\AndroidManifest.xml:223:13-49
	android:label
		ADDED from src\main\AndroidManifest.xml:225:13-66
	android:configChanges
		ADDED from src\main\AndroidManifest.xml:224:13-74
	android:theme
		ADDED from src\main\AndroidManifest.xml:226:13-51
	android:name
		ADDED from src\main\AndroidManifest.xml:222:13-42
activity#firstmob.firstbank.com.firstagent.ActivateSecrQn
ADDED from src\main\AndroidManifest.xml:227:9-230:54
	android:label
		ADDED from src\main\AndroidManifest.xml:229:13-37
	android:theme
		ADDED from src\main\AndroidManifest.xml:230:13-51
	android:name
		ADDED from src\main\AndroidManifest.xml:228:13-43
activity#firstmob.firstbank.com.firstagent.MovieDetails
ADDED from src\main\AndroidManifest.xml:231:9-234:54
	android:label
		ADDED from src\main\AndroidManifest.xml:233:13-65
	android:theme
		ADDED from src\main\AndroidManifest.xml:234:13-51
	android:name
		ADDED from src\main\AndroidManifest.xml:232:13-41
activity#firstmob.firstbank.com.firstagent.ConfirmMovie
ADDED from src\main\AndroidManifest.xml:235:9-238:54
	android:label
		ADDED from src\main\AndroidManifest.xml:237:13-65
	android:theme
		ADDED from src\main\AndroidManifest.xml:238:13-51
	android:name
		ADDED from src\main\AndroidManifest.xml:236:13-41
activity#firstmob.firstbank.com.firstagent.ChatActivity
ADDED from src\main\AndroidManifest.xml:239:9-249:20
	android:label
		ADDED from src\main\AndroidManifest.xml:242:13-46
	android:parentActivityName
		ADDED from src\main\AndroidManifest.xml:243:13-55
	android:windowSoftInputMode
		ADDED from src\main\AndroidManifest.xml:245:13-54
	android:configChanges
		ADDED from src\main\AndroidManifest.xml:241:13-74
	android:theme
		ADDED from src\main\AndroidManifest.xml:244:13-51
	android:name
		ADDED from src\main\AndroidManifest.xml:240:13-41
activity#firstmob.firstbank.com.firstagent.ForgotPIN
ADDED from src\main\AndroidManifest.xml:250:9-253:54
	android:label
		ADDED from src\main\AndroidManifest.xml:252:13-39
	android:theme
		ADDED from src\main\AndroidManifest.xml:253:13-51
	android:name
		ADDED from src\main\AndroidManifest.xml:251:13-38
activity#firstmob.firstbank.com.firstagent.ResetQns
ADDED from src\main\AndroidManifest.xml:254:9-257:54
	android:label
		ADDED from src\main\AndroidManifest.xml:256:13-51
	android:theme
		ADDED from src\main\AndroidManifest.xml:257:13-51
	android:name
		ADDED from src\main\AndroidManifest.xml:255:13-37
activity#firstmob.firstbank.com.firstagent.QuickGuide
ADDED from src\main\AndroidManifest.xml:258:9-261:54
	android:label
		ADDED from src\main\AndroidManifest.xml:260:13-44
	android:theme
		ADDED from src\main\AndroidManifest.xml:261:13-51
	android:name
		ADDED from src\main\AndroidManifest.xml:259:13-39
activity#firstmob.firstbank.com.firstagent.ForceChangePin
ADDED from src\main\AndroidManifest.xml:262:9-266:15
	android:screenOrientation
		ADDED from src\main\AndroidManifest.xml:264:13-49
	android:configChanges
		ADDED from src\main\AndroidManifest.xml:265:13-74
	android:name
		ADDED from src\main\AndroidManifest.xml:263:13-43
activity#firstmob.firstbank.com.firstagent.MyBaseActivity
ADDED from src\main\AndroidManifest.xml:267:9-52
	android:name
		ADDED from src\main\AndroidManifest.xml:267:19-49
activity#firstmob.firstbank.com.firstagent.SupAgentActivity
ADDED from src\main\AndroidManifest.xml:268:9-271:63
	android:label
		ADDED from src\main\AndroidManifest.xml:270:13-61
	android:theme
		ADDED from src\main\AndroidManifest.xml:271:13-51
	android:name
		ADDED from src\main\AndroidManifest.xml:269:13-45
uses-sdk
INJECTED from src\main\AndroidManifest.xml reason: use-sdk injection requested
MERGED from [com.android.support:multidex:1.0.1] AndroidManifest.xml:18:5-42
MERGED from [com.github.afollestad.material-dialogs:core:0.8.5.7] AndroidManifest.xml:8:5-11:75
MERGED from [me.zhanghai.android.materialprogressbar:library:1.1.5] AndroidManifest.xml:12:5-14:41
MERGED from [com.toptoche.searchablespinner:searchablespinnerlibrary:1.3.1] AndroidManifest.xml:7:5-9:41
MERGED from [com.android.support:cardview-v7:25.3.0] AndroidManifest.xml:20:5-43
MERGED from [com.github.flavienlaurent.datetimepicker:library:0.0.2] AndroidManifest.xml:3:5-72
MERGED from [de.hdodenhof:circleimageview:1.3.0] AndroidManifest.xml:5:5-7:41
MERGED from [com.leavjenn.smoothdaterangepicker:library:0.2.0] AndroidManifest.xml:7:5-9:41
MERGED from [com.google.android.gms:play-services-maps:10.2.0] AndroidManifest.xml:23:5-43
MERGED from [com.andrognito.pinlockview:pinlockview:1.0.1] AndroidManifest.xml:7:5-9:41
MERGED from [com.github.shell-software:fab:1.1.2] AndroidManifest.xml:25:5-27:41
MERGED from [com.github.shell-software:viewmover:1.1.0] AndroidManifest.xml:25:5-27:41
MERGED from [com.github.shell-software:uitools:1.1.0] AndroidManifest.xml:25:5-27:41
MERGED from [uk.co.chrisjenx:calligraphy:2.2.0] AndroidManifest.xml:7:5-9:41
MERGED from [com.android.support:design:25.3.0] AndroidManifest.xml:21:5-23:62
MERGED from [com.android.support:recyclerview-v7:25.3.0] AndroidManifest.xml:20:5-43
MERGED from [com.android.support:transition:25.3.0] AndroidManifest.xml:20:5-44
MERGED from [com.borax12.materialdaterangepicker:library:1.9] AndroidManifest.xml:22:5-24:41
MERGED from [cn.pedant.sweetalert:library:1.3] AndroidManifest.xml:7:5-9:41
MERGED from [com.pnikosis:materialish-progress:1.0] AndroidManifest.xml:7:5-9:41
MERGED from [com.android.support:appcompat-v7:25.3.0] AndroidManifest.xml:21:5-23:78
MERGED from [com.android.support:animated-vector-drawable:25.3.0] AndroidManifest.xml:20:5-44
MERGED from [com.android.support:support-vector-drawable:25.3.0] AndroidManifest.xml:20:5-43
MERGED from [com.google.android.gms:play-services-gcm:10.2.0] AndroidManifest.xml:17:5-43
MERGED from [com.google.android.gms:play-services-iid:10.2.0] AndroidManifest.xml:17:5-43
MERGED from [com.google.android.gms:play-services-base:10.2.0] AndroidManifest.xml:17:5-43
MERGED from [com.google.firebase:firebase-crash:10.2.4] AndroidManifest.xml:20:5-43
MERGED from [com.google.firebase:firebase-core:10.2.4] AndroidManifest.xml:4:5-43
MERGED from [com.google.firebase:firebase-analytics:10.2.4] AndroidManifest.xml:17:5-43
MERGED from [com.google.firebase:firebase-analytics-impl:10.2.4] AndroidManifest.xml:17:5-43
MERGED from [com.google.firebase:firebase-iid:10.2.4] AndroidManifest.xml:17:5-43
MERGED from [com.google.firebase:firebase-common:10.2.4] AndroidManifest.xml:3:5-43
MERGED from [com.google.android.gms:play-services-tasks:10.2.4] AndroidManifest.xml:3:5-43
MERGED from [com.google.android.gms:play-services-basement:10.2.4] AndroidManifest.xml:17:5-43
MERGED from [com.android.support:support-v4:25.3.0] AndroidManifest.xml:21:5-23:54
MERGED from [com.android.support:support-fragment:25.3.0] AndroidManifest.xml:21:5-23:60
MERGED from [com.android.support:support-media-compat:25.3.0] AndroidManifest.xml:21:5-23:63
MERGED from [com.android.support:support-core-ui:25.3.0] AndroidManifest.xml:21:5-23:58
MERGED from [com.android.support:support-core-utils:25.3.0] AndroidManifest.xml:21:5-23:61
MERGED from [com.android.support:support-compat:25.3.0] AndroidManifest.xml:21:5-23:58
	tools:overrideLibrary
		ADDED from [com.github.afollestad.material-dialogs:core:0.8.5.7] AndroidManifest.xml:11:9-72
	android:targetSdkVersion
		INJECTED from src\main\AndroidManifest.xml
		INJECTED from src\main\AndroidManifest.xml
	android:minSdkVersion
		INJECTED from src\main\AndroidManifest.xml
		INJECTED from src\main\AndroidManifest.xml
meta-data#android.support.VERSION
ADDED from [com.android.support:cardview-v7:25.3.0] AndroidManifest.xml:22:5-24:34
MERGED from [com.android.support:design:25.3.0] AndroidManifest.xml:25:5-27:34
MERGED from [com.android.support:recyclerview-v7:25.3.0] AndroidManifest.xml:22:5-24:34
MERGED from [com.android.support:transition:25.3.0] AndroidManifest.xml:22:5-24:34
MERGED from [com.android.support:appcompat-v7:25.3.0] AndroidManifest.xml:25:5-27:34
MERGED from [com.android.support:animated-vector-drawable:25.3.0] AndroidManifest.xml:22:5-24:34
MERGED from [com.android.support:support-vector-drawable:25.3.0] AndroidManifest.xml:22:5-24:34
MERGED from [com.android.support:support-v4:25.3.0] AndroidManifest.xml:25:5-27:34
MERGED from [com.android.support:support-fragment:25.3.0] AndroidManifest.xml:25:5-27:34
MERGED from [com.android.support:support-media-compat:25.3.0] AndroidManifest.xml:25:5-27:34
MERGED from [com.android.support:support-core-ui:25.3.0] AndroidManifest.xml:25:5-27:34
MERGED from [com.android.support:support-core-utils:25.3.0] AndroidManifest.xml:25:5-27:34
MERGED from [com.android.support:support-compat:25.3.0] AndroidManifest.xml:25:5-27:34
	android:value
		ADDED from [com.android.support:cardview-v7:25.3.0] AndroidManifest.xml:24:9-31
	android:name
		ADDED from [com.android.support:cardview-v7:25.3.0] AndroidManifest.xml:23:9-47
activity#com.google.android.gms.common.api.GoogleApiActivity
ADDED from [com.google.android.gms:play-services-base:10.2.0] AndroidManifest.xml:19:9-172
	android:exported
		ADDED from [com.google.android.gms:play-services-base:10.2.0] AndroidManifest.xml:19:146-170
	android:theme
		ADDED from [com.google.android.gms:play-services-base:10.2.0] AndroidManifest.xml:19:86-145
	android:name
		ADDED from [com.google.android.gms:play-services-base:10.2.0] AndroidManifest.xml:19:19-85
receiver#com.google.android.gms.measurement.AppMeasurementReceiver